<?xml version="1.0" encoding="UTF-8"?>
<testsuite xmlns:xsi="http://www.w3.org/2001/XMLSchema-instance" xsi:noNamespaceSchemaLocation="https://maven.apache.org/surefire/maven-surefire-plugin/xsd/surefire-test-report.xsd" name="com.school.services.tests.TariffServiceMockTests" time="0.018" tests="9" errors="0" skipped="0" failures="0">
  <properties>
    <property name="sun.desktop" value="windows"/>
    <property name="awt.toolkit" value="sun.awt.windows.WToolkit"/>
    <property name="file.encoding.pkg" value="sun.io"/>
    <property name="java.specification.version" value="1.8"/>
    <property name="sun.cpu.isalist" value="amd64"/>
    <property name="sun.jnu.encoding" value="Cp1251"/>
    <property name="java.class.path" value="D:\Projects\MobileOperatorJavaSchoolT\target\test-classes;D:\Projects\MobileOperatorJavaSchoolT\target\classes;C:\Users\dimva\.m2\repository\junit\junit\4.11\junit-4.11.jar;C:\Users\dimva\.m2\repository\org\hamcrest\hamcrest-core\1.3\hamcrest-core-1.3.jar;C:\Users\dimva\.m2\repository\org\springframework\spring-webmvc\5.2.19.RELEASE\spring-webmvc-5.2.19.RELEASE.jar;C:\Users\dimva\.m2\repository\org\springframework\spring-aop\5.2.19.RELEASE\spring-aop-5.2.19.RELEASE.jar;C:\Users\dimva\.m2\repository\org\springframework\spring-beans\5.2.19.RELEASE\spring-beans-5.2.19.RELEASE.jar;C:\Users\dimva\.m2\repository\org\springframework\spring-context\5.2.19.RELEASE\spring-context-5.2.19.RELEASE.jar;C:\Users\dimva\.m2\repository\org\springframework\spring-core\5.2.19.RELEASE\spring-core-5.2.19.RELEASE.jar;C:\Users\dimva\.m2\repository\org\springframework\spring-jcl\5.2.19.RELEASE\spring-jcl-5.2.19.RELEASE.jar;C:\Users\dimva\.m2\repository\org\springframework\spring-expression\5.2.19.RELEASE\spring-expression-5.2.19.RELEASE.jar;C:\Users\dimva\.m2\repository\org\springframework\spring-web\5.2.19.RELEASE\spring-web-5.2.19.RELEASE.jar;C:\Users\dimva\.m2\repository\javax\servlet\jstl\1.2\jstl-1.2.jar;C:\Users\dimva\.m2\repository\org\hibernate\hibernate-core\5.6.5.Final\hibernate-core-5.6.5.Final.jar;C:\Users\dimva\.m2\repository\org\jboss\logging\jboss-logging\3.4.3.Final\jboss-logging-3.4.3.Final.jar;C:\Users\dimva\.m2\repository\javax\persistence\javax.persistence-api\2.2\javax.persistence-api-2.2.jar;C:\Users\dimva\.m2\repository\net\bytebuddy\byte-buddy\1.12.7\byte-buddy-1.12.7.jar;C:\Users\dimva\.m2\repository\antlr\antlr\2.7.7\antlr-2.7.7.jar;C:\Users\dimva\.m2\repository\org\jboss\spec\javax\transaction\jboss-transaction-api_1.2_spec\1.1.1.Final\jboss-transaction-api_1.2_spec-1.1.1.Final.jar;C:\Users\dimva\.m2\repository\org\jboss\jandex\2.4.2.Final\jandex-2.4.2.Final.jar;C:\Users\dimva\.m2\repository\com\fasterxml\classmate\1.5.1\classmate-1.5.1.jar;C:\Users\dimva\.m2\repository\javax\activation\javax.activation-api\1.2.0\javax.activation-api-1.2.0.jar;C:\Users\dimva\.m2\repository\org\hibernate\common\hibernate-commons-annotations\5.1.2.Final\hibernate-commons-annotations-5.1.2.Final.jar;C:\Users\dimva\.m2\repository\javax\xml\bind\jaxb-api\2.3.1\jaxb-api-2.3.1.jar;C:\Users\dimva\.m2\repository\org\glassfish\jaxb\jaxb-runtime\2.3.1\jaxb-runtime-2.3.1.jar;C:\Users\dimva\.m2\repository\org\glassfish\jaxb\txw2\2.3.1\txw2-2.3.1.jar;C:\Users\dimva\.m2\repository\com\sun\istack\istack-commons-runtime\3.0.7\istack-commons-runtime-3.0.7.jar;C:\Users\dimva\.m2\repository\org\jvnet\staxex\stax-ex\1.8\stax-ex-1.8.jar;C:\Users\dimva\.m2\repository\com\sun\xml\fastinfoset\FastInfoset\1.2.15\FastInfoset-1.2.15.jar;C:\Users\dimva\.m2\repository\mysql\mysql-connector-java\8.0.28\mysql-connector-java-8.0.28.jar;C:\Users\dimva\.m2\repository\com\google\protobuf\protobuf-java\3.11.4\protobuf-java-3.11.4.jar;C:\Users\dimva\.m2\repository\javax\servlet\javax.servlet-api\4.0.1\javax.servlet-api-4.0.1.jar;C:\Users\dimva\.m2\repository\javax\servlet\jsp\javax.servlet.jsp-api\2.3.3\javax.servlet.jsp-api-2.3.3.jar;C:\Users\dimva\.m2\repository\com\mchange\c3p0\0.9.5.2\c3p0-0.9.5.2.jar;C:\Users\dimva\.m2\repository\com\mchange\mchange-commons-java\0.2.11\mchange-commons-java-0.2.11.jar;C:\Users\dimva\.m2\repository\org\springframework\spring-orm\5.2.9.RELEASE\spring-orm-5.2.9.RELEASE.jar;C:\Users\dimva\.m2\repository\org\springframework\spring-jdbc\5.2.9.RELEASE\spring-jdbc-5.2.9.RELEASE.jar;C:\Users\dimva\.m2\repository\org\springframework\spring-tx\5.2.9.RELEASE\spring-tx-5.2.9.RELEASE.jar;C:\Users\dimva\.m2\repository\org\springframework\security\spring-security-config\5.3.13.RELEASE\spring-security-config-5.3.13.RELEASE.jar;C:\Users\dimva\.m2\repository\org\springframework\security\spring-security-core\5.3.13.RELEASE\spring-security-core-5.3.13.RELEASE.jar;C:\Users\dimva\.m2\repository\org\springframework\security\spring-security-web\5.3.13.RELEASE\spring-security-web-5.3.13.RELEASE.jar;C:\Users\dimva\.m2\repository\org\springframework\security\spring-security-taglibs\5.3.13.RELEASE\spring-security-taglibs-5.3.13.RELEASE.jar;C:\Users\dimva\.m2\repository\org\springframework\security\spring-security-acl\5.3.13.RELEASE\spring-security-acl-5.3.13.RELEASE.jar;C:\Users\dimva\.m2\repository\org\projectlombok\lombok\1.18.22\lombok-1.18.22.jar;C:\Users\dimva\.m2\repository\org\aspectj\aspectjweaver\1.9.8\aspectjweaver-1.9.8.jar;C:\Users\dimva\.m2\repository\log4j\log4j\1.2.17\log4j-1.2.17.jar;C:\Users\dimva\.m2\repository\javax\mail\mail\1.4.7\mail-1.4.7.jar;C:\Users\dimva\.m2\repository\javax\activation\activation\1.1\activation-1.1.jar;C:\Users\dimva\.m2\repository\com\fasterxml\jackson\core\jackson-databind\2.13.2.2\jackson-databind-2.13.2.2.jar;C:\Users\dimva\.m2\repository\com\fasterxml\jackson\core\jackson-annotations\2.13.2\jackson-annotations-2.13.2.jar;C:\Users\dimva\.m2\repository\com\fasterxml\jackson\core\jackson-core\2.13.2\jackson-core-2.13.2.jar;C:\Users\dimva\.m2\repository\org\springframework\amqp\spring-rabbit\2.4.3\spring-rabbit-2.4.3.jar;C:\Users\dimva\.m2\repository\org\springframework\amqp\spring-amqp\2.4.3\spring-amqp-2.4.3.jar;C:\Users\dimva\.m2\repository\org\springframework\retry\spring-retry\1.3.2\spring-retry-1.3.2.jar;C:\Users\dimva\.m2\repository\com\rabbitmq\amqp-client\5.13.1\amqp-client-5.13.1.jar;C:\Users\dimva\.m2\repository\org\slf4j\slf4j-api\1.7.31\slf4j-api-1.7.31.jar;C:\Users\dimva\.m2\repository\org\springframework\spring-messaging\5.3.17\spring-messaging-5.3.17.jar;C:\Users\dimva\.m2\repository\org\mockito\mockito-core\4.4.0\mockito-core-4.4.0.jar;C:\Users\dimva\.m2\repository\net\bytebuddy\byte-buddy-agent\1.12.8\byte-buddy-agent-1.12.8.jar;C:\Users\dimva\.m2\repository\org\objenesis\objenesis\3.2\objenesis-3.2.jar;"/>
    <property name="java.vm.vendor" value="Oracle Corporation"/>
    <property name="sun.arch.data.model" value="64"/>
    <property name="user.variant" value=""/>
    <property name="java.vendor.url" value="http://java.oracle.com/"/>
    <property name="user.timezone" value="Europe/Moscow"/>
    <property name="java.vm.specification.version" value="1.8"/>
    <property name="os.name" value="Windows 10"/>
    <property name="user.country" value="RU"/>
    <property name="sun.java.launcher" value="SUN_STANDARD"/>
    <property name="sun.boot.library.path" value="C:\Program Files\Java\jdk1.8.0_321\jre\bin"/>
    <property name="sun.java.command" value="C:\Users\dimva\AppData\Local\Temp\surefire9177092977571383756\surefirebooter4723120195270130584.jar C:\Users\dimva\AppData\Local\Temp\surefire9177092977571383756 2022-04-11T19-07-50_383-jvmRun1 surefire3136812197509733257tmp surefire_04686044137086385761tmp"/>
    <property name="surefire.test.class.path" value="D:\Projects\MobileOperatorJavaSchoolT\target\test-classes;D:\Projects\MobileOperatorJavaSchoolT\target\classes;C:\Users\dimva\.m2\repository\junit\junit\4.11\junit-4.11.jar;C:\Users\dimva\.m2\repository\org\hamcrest\hamcrest-core\1.3\hamcrest-core-1.3.jar;C:\Users\dimva\.m2\repository\org\springframework\spring-webmvc\5.2.19.RELEASE\spring-webmvc-5.2.19.RELEASE.jar;C:\Users\dimva\.m2\repository\org\springframework\spring-aop\5.2.19.RELEASE\spring-aop-5.2.19.RELEASE.jar;C:\Users\dimva\.m2\repository\org\springframework\spring-beans\5.2.19.RELEASE\spring-beans-5.2.19.RELEASE.jar;C:\Users\dimva\.m2\repository\org\springframework\spring-context\5.2.19.RELEASE\spring-context-5.2.19.RELEASE.jar;C:\Users\dimva\.m2\repository\org\springframework\spring-core\5.2.19.RELEASE\spring-core-5.2.19.RELEASE.jar;C:\Users\dimva\.m2\repository\org\springframework\spring-jcl\5.2.19.RELEASE\spring-jcl-5.2.19.RELEASE.jar;C:\Users\dimva\.m2\repository\org\springframework\spring-expression\5.2.19.RELEASE\spring-expression-5.2.19.RELEASE.jar;C:\Users\dimva\.m2\repository\org\springframework\spring-web\5.2.19.RELEASE\spring-web-5.2.19.RELEASE.jar;C:\Users\dimva\.m2\repository\javax\servlet\jstl\1.2\jstl-1.2.jar;C:\Users\dimva\.m2\repository\org\hibernate\hibernate-core\5.6.5.Final\hibernate-core-5.6.5.Final.jar;C:\Users\dimva\.m2\repository\org\jboss\logging\jboss-logging\3.4.3.Final\jboss-logging-3.4.3.Final.jar;C:\Users\dimva\.m2\repository\javax\persistence\javax.persistence-api\2.2\javax.persistence-api-2.2.jar;C:\Users\dimva\.m2\repository\net\bytebuddy\byte-buddy\1.12.7\byte-buddy-1.12.7.jar;C:\Users\dimva\.m2\repository\antlr\antlr\2.7.7\antlr-2.7.7.jar;C:\Users\dimva\.m2\repository\org\jboss\spec\javax\transaction\jboss-transaction-api_1.2_spec\1.1.1.Final\jboss-transaction-api_1.2_spec-1.1.1.Final.jar;C:\Users\dimva\.m2\repository\org\jboss\jandex\2.4.2.Final\jandex-2.4.2.Final.jar;C:\Users\dimva\.m2\repository\com\fasterxml\classmate\1.5.1\classmate-1.5.1.jar;C:\Users\dimva\.m2\repository\javax\activation\javax.activation-api\1.2.0\javax.activation-api-1.2.0.jar;C:\Users\dimva\.m2\repository\org\hibernate\common\hibernate-commons-annotations\5.1.2.Final\hibernate-commons-annotations-5.1.2.Final.jar;C:\Users\dimva\.m2\repository\javax\xml\bind\jaxb-api\2.3.1\jaxb-api-2.3.1.jar;C:\Users\dimva\.m2\repository\org\glassfish\jaxb\jaxb-runtime\2.3.1\jaxb-runtime-2.3.1.jar;C:\Users\dimva\.m2\repository\org\glassfish\jaxb\txw2\2.3.1\txw2-2.3.1.jar;C:\Users\dimva\.m2\repository\com\sun\istack\istack-commons-runtime\3.0.7\istack-commons-runtime-3.0.7.jar;C:\Users\dimva\.m2\repository\org\jvnet\staxex\stax-ex\1.8\stax-ex-1.8.jar;C:\Users\dimva\.m2\repository\com\sun\xml\fastinfoset\FastInfoset\1.2.15\FastInfoset-1.2.15.jar;C:\Users\dimva\.m2\repository\mysql\mysql-connector-java\8.0.28\mysql-connector-java-8.0.28.jar;C:\Users\dimva\.m2\repository\com\google\protobuf\protobuf-java\3.11.4\protobuf-java-3.11.4.jar;C:\Users\dimva\.m2\repository\javax\servlet\javax.servlet-api\4.0.1\javax.servlet-api-4.0.1.jar;C:\Users\dimva\.m2\repository\javax\servlet\jsp\javax.servlet.jsp-api\2.3.3\javax.servlet.jsp-api-2.3.3.jar;C:\Users\dimva\.m2\repository\com\mchange\c3p0\0.9.5.2\c3p0-0.9.5.2.jar;C:\Users\dimva\.m2\repository\com\mchange\mchange-commons-java\0.2.11\mchange-commons-java-0.2.11.jar;C:\Users\dimva\.m2\repository\org\springframework\spring-orm\5.2.9.RELEASE\spring-orm-5.2.9.RELEASE.jar;C:\Users\dimva\.m2\repository\org\springframework\spring-jdbc\5.2.9.RELEASE\spring-jdbc-5.2.9.RELEASE.jar;C:\Users\dimva\.m2\repository\org\springframework\spring-tx\5.2.9.RELEASE\spring-tx-5.2.9.RELEASE.jar;C:\Users\dimva\.m2\repository\org\springframework\security\spring-security-config\5.3.13.RELEASE\spring-security-config-5.3.13.RELEASE.jar;C:\Users\dimva\.m2\repository\org\springframework\security\spring-security-core\5.3.13.RELEASE\spring-security-core-5.3.13.RELEASE.jar;C:\Users\dimva\.m2\repository\org\springframework\security\spring-security-web\5.3.13.RELEASE\spring-security-web-5.3.13.RELEASE.jar;C:\Users\dimva\.m2\repository\org\springframework\security\spring-security-taglibs\5.3.13.RELEASE\spring-security-taglibs-5.3.13.RELEASE.jar;C:\Users\dimva\.m2\repository\org\springframework\security\spring-security-acl\5.3.13.RELEASE\spring-security-acl-5.3.13.RELEASE.jar;C:\Users\dimva\.m2\repository\org\projectlombok\lombok\1.18.22\lombok-1.18.22.jar;C:\Users\dimva\.m2\repository\org\aspectj\aspectjweaver\1.9.8\aspectjweaver-1.9.8.jar;C:\Users\dimva\.m2\repository\log4j\log4j\1.2.17\log4j-1.2.17.jar;C:\Users\dimva\.m2\repository\javax\mail\mail\1.4.7\mail-1.4.7.jar;C:\Users\dimva\.m2\repository\javax\activation\activation\1.1\activation-1.1.jar;C:\Users\dimva\.m2\repository\com\fasterxml\jackson\core\jackson-databind\2.13.2.2\jackson-databind-2.13.2.2.jar;C:\Users\dimva\.m2\repository\com\fasterxml\jackson\core\jackson-annotations\2.13.2\jackson-annotations-2.13.2.jar;C:\Users\dimva\.m2\repository\com\fasterxml\jackson\core\jackson-core\2.13.2\jackson-core-2.13.2.jar;C:\Users\dimva\.m2\repository\org\springframework\amqp\spring-rabbit\2.4.3\spring-rabbit-2.4.3.jar;C:\Users\dimva\.m2\repository\org\springframework\amqp\spring-amqp\2.4.3\spring-amqp-2.4.3.jar;C:\Users\dimva\.m2\repository\org\springframework\retry\spring-retry\1.3.2\spring-retry-1.3.2.jar;C:\Users\dimva\.m2\repository\com\rabbitmq\amqp-client\5.13.1\amqp-client-5.13.1.jar;C:\Users\dimva\.m2\repository\org\slf4j\slf4j-api\1.7.31\slf4j-api-1.7.31.jar;C:\Users\dimva\.m2\repository\org\springframework\spring-messaging\5.3.17\spring-messaging-5.3.17.jar;C:\Users\dimva\.m2\repository\org\mockito\mockito-core\4.4.0\mockito-core-4.4.0.jar;C:\Users\dimva\.m2\repository\net\bytebuddy\byte-buddy-agent\1.12.8\byte-buddy-agent-1.12.8.jar;C:\Users\dimva\.m2\repository\org\objenesis\objenesis\3.2\objenesis-3.2.jar;"/>
    <property name="sun.cpu.endian" value="little"/>
    <property name="user.home" value="C:\Users\dimva"/>
    <property name="user.language" value="ru"/>
    <property name="java.specification.vendor" value="Oracle Corporation"/>
    <property name="java.home" value="C:\Program Files\Java\jdk1.8.0_321\jre"/>
    <property name="basedir" value="D:\Projects\MobileOperatorJavaSchoolT"/>
    <property name="file.separator" value="\"/>
    <property name="line.separator" value="&#10;"/>
    <property name="java.vm.specification.vendor" value="Oracle Corporation"/>
    <property name="java.specification.name" value="Java Platform API Specification"/>
    <property name="java.awt.graphicsenv" value="sun.awt.Win32GraphicsEnvironment"/>
    <property name="surefire.real.class.path" value="C:\Users\dimva\AppData\Local\Temp\surefire9177092977571383756\surefirebooter4723120195270130584.jar"/>
    <property name="sun.boot.class.path" value="C:\Program Files\Java\jdk1.8.0_321\jre\lib\resources.jar;C:\Program Files\Java\jdk1.8.0_321\jre\lib\rt.jar;C:\Program Files\Java\jdk1.8.0_321\jre\lib\sunrsasign.jar;C:\Program Files\Java\jdk1.8.0_321\jre\lib\jsse.jar;C:\Program Files\Java\jdk1.8.0_321\jre\lib\jce.jar;C:\Program Files\Java\jdk1.8.0_321\jre\lib\charsets.jar;C:\Program Files\Java\jdk1.8.0_321\jre\lib\jfr.jar;C:\Program Files\Java\jdk1.8.0_321\jre\classes"/>
    <property name="user.script" value=""/>
    <property name="sun.management.compiler" value="HotSpot 64-Bit Tiered Compilers"/>
    <property name="java.runtime.version" value="1.8.0_321-b07"/>
    <property name="user.name" value="dimva"/>
    <property name="path.separator" value=";"/>
    <property name="os.version" value="10.0"/>
    <property name="java.endorsed.dirs" value="C:\Program Files\Java\jdk1.8.0_321\jre\lib\endorsed"/>
    <property name="java.runtime.name" value="Java(TM) SE Runtime Environment"/>
    <property name="file.encoding" value="Cp1251"/>
    <property name="java.vm.name" value="Java HotSpot(TM) 64-Bit Server VM"/>
    <property name="localRepository" value="C:\Users\dimva\.m2\repository"/>
    <property name="java.vendor.url.bug" value="http://bugreport.sun.com/bugreport/"/>
    <property name="java.io.tmpdir" value="C:\Users\dimva\AppData\Local\Temp\"/>
    <property name="idea.version" value="2021.3.3"/>
    <property name="java.version" value="1.8.0_321"/>
    <property name="user.dir" value="D:\Projects\MobileOperatorJavaSchoolT"/>
    <property name="os.arch" value="amd64"/>
    <property name="java.vm.specification.name" value="Java Virtual Machine Specification"/>
    <property name="java.awt.printerjob" value="sun.awt.windows.WPrinterJob"/>
    <property name="sun.os.patch.level" value=""/>
    <property name="java.library.path" value="C:\Program Files\Java\jdk1.8.0_321\jre\bin;C:\WINDOWS\Sun\Java\bin;C:\WINDOWS\system32;C:\WINDOWS;C:\Program Files (x86)\Common Files\Oracle\Java\javapath;C:\Program Files (x86)\Intel\Intel(R) Management Engine Components\iCLS\;C:\Program Files\Intel\Intel(R) Management Engine Components\iCLS\;C:\Windows\system32;C:\Windows;C:\Windows\System32\Wbem;C:\Windows\System32\WindowsPowerShell\v1.0\;C:\Windows\System32\OpenSSH\;C:\Program Files (x86)\NVIDIA Corporation\PhysX\Common;C:\Program Files (x86)\Intel\Intel(R) Management Engine Components\DAL;C:\Program Files\Intel\Intel(R) Management Engine Components\DAL;C:\Program Files (x86)\Intel\Intel(R) Management Engine Components\IPT;C:\Program Files\Intel\Intel(R) Management Engine Components\IPT;C:\WINDOWS\system32;C:\WINDOWS;C:\WINDOWS\System32\Wbem;C:\WINDOWS\System32\WindowsPowerShell\v1.0\;C:\WINDOWS\System32\OpenSSH\;C:\Program Files\Git\cmd;C:\Program Files\Java\jdk1.8.0_321\bin;D:\installed programs\apache-maven-3.8.4\bin;D:\installed programs\apache-tomcat-9.0.58\lib;C:\Program Files\MySQL\MySQL Server 8.0\bin;C:\Program Files\nodejs\;C:\ProgramData\chocolatey\bin;C:\Program Files\MySQL\MySQL Shell 8.0\bin\;C:\Users\dimva\AppData\Local\Programs\Python\Python310\Scripts\;C:\Users\dimva\AppData\Local\Programs\Python\Python310\;C:\Users\dimva\AppData\Local\Microsoft\WindowsApps;C:\Program Files\JetBrains\IntelliJ IDEA Community Edition 2021.3.2\bin;;C:\Program Files\JetBrains\IntelliJ IDEA 2021.3.2\bin;;C:\Program Files\JetBrains\PyCharm Community Edition 2021.3.2\bin;;;C:\Users\dimva\AppData\Local\Programs\Microsoft VS Code\bin;C:\Users\dimva\AppData\Roaming\npm;C:\Program Files\JetBrains\WebStorm 2021.3.3\bin;;."/>
    <property name="java.vm.info" value="mixed mode"/>
    <property name="java.vendor" value="Oracle Corporation"/>
    <property name="java.vm.version" value="25.321-b07"/>
    <property name="java.ext.dirs" value="C:\Program Files\Java\jdk1.8.0_321\jre\lib\ext;C:\WINDOWS\Sun\Java\lib\ext"/>
    <property name="sun.io.unicode.encoding" value="UnicodeLittle"/>
    <property name="java.class.version" value="52.0"/>
  </properties>
  <testcase name="getAllTariffsTest1" classname="com.school.services.tests.TariffServiceMockTests" time="0.013"/>
  <testcase name="saveTariffTest1" classname="com.school.services.tests.TariffServiceMockTests" time="0.001"/>
  <testcase name="getNumberOfPagesTest1" classname="com.school.services.tests.TariffServiceMockTests" time="0"/>
  <testcase name="updateTariffTest1" classname="com.school.services.tests.TariffServiceMockTests" time="0"/>
  <testcase name="getAllAvailableTest1" classname="com.school.services.tests.TariffServiceMockTests" time="0.001"/>
  <testcase name="getTariffTest1" classname="com.school.services.tests.TariffServiceMockTests" time="0"/>
  <testcase name="getPageOfTariffsTest1" classname="com.school.services.tests.TariffServiceMockTests" time="0.001"/>
  <testcase name="deleteTariffTest1" classname="com.school.services.tests.TariffServiceMockTests" time="0"/>
  <testcase name="deleteTariffTest2" classname="com.school.services.tests.TariffServiceMockTests" time="0.001"/>
</testsuite>